<?xml version="1.0" encoding="UTF-8"?>
<!-- Generated by org.testng.reporters.JUnitXMLReporter -->
<testsuite ignored="0" hostname="Yehia-pc" failures="0" tests="4" name="Login with Customer" time="40.359" errors="0" timestamp="2023-10-21T20:52:41 EET">
  <testcase classname="TestCases.TC01_CustomerLogin" name="customerLogin" time="3.437"/>
  <testcase classname="TestCases.TC01_CustomerLogin" name="deposit" time="1.313"/>
  <testcase classname="TestCases.TC01_CustomerLogin" name="Withdrawl" time="1.333"/>
  <testcase classname="TestCases.TC01_CustomerLogin" name="TransActions" time="7.536"/>
</testsuite> <!-- Login with Customer -->
