<?xml version="1.0" encoding="UTF-8"?>
<testng-results ignored="0" total="4" passed="4" failed="0" skipped="0">
  <reporter-output>
  </reporter-output>
  <suite started-at="2023-10-21T20:52:00 EET" name="XYZ_Bank_TestNG" finished-at="2023-10-21T20:52:41 EET" duration-ms="40359">
    <groups>
    </groups>
    <test started-at="2023-10-21T20:52:00 EET" name="Login with Customer" finished-at="2023-10-21T20:52:41 EET" duration-ms="40359">
      <class name="TestCases.TC01_CustomerLogin">
        <test-method is-config="true" signature="defineSuiteElements()[pri:0, instance:TestCases.TC01_CustomerLogin@7ad54c55]" started-at="2023-10-21T20:51:57 EET" name="defineSuiteElements" finished-at="2023-10-21T20:52:00 EET" duration-ms="2722" status="PASS">
          <reporter-output>
          </reporter-output>
        </test-method> <!-- defineSuiteElements -->
        <test-method is-config="true" signature="setupChromeDriver(java.lang.String)[pri:0, instance:TestCases.TC01_CustomerLogin@7ad54c55]" started-at="2023-10-21T20:52:01 EET" name="setupChromeDriver" finished-at="2023-10-21T20:52:20 EET" duration-ms="18779" status="PASS">
          <params>
            <param index="0">
              <value>
                <![CDATA[]]>
              </value>
            </param>
          </params>
          <reporter-output>
          </reporter-output>
        </test-method> <!-- setupChromeDriver -->
        <test-method signature="customerLogin()[pri:0, instance:TestCases.TC01_CustomerLogin@7ad54c55]" started-at="2023-10-21T20:52:20 EET" name="customerLogin" finished-at="2023-10-21T20:52:23 EET" duration-ms="3437" status="PASS">
          <reporter-output>
          </reporter-output>
        </test-method> <!-- customerLogin -->
        <test-method is-config="true" signature="getResult(org.testng.ITestResult)[pri:0, instance:TestCases.TC01_CustomerLogin@7ad54c55]" started-at="2023-10-21T20:52:25 EET" name="getResult" finished-at="2023-10-21T20:52:25 EET" duration-ms="135" status="PASS">
          <params>
            <param index="0">
              <value>
                <![CDATA[[TestResult name=customerLogin status=SUCCESS method=TC01_CustomerLogin.customerLogin()[pri:0, instance:TestCases.TC01_CustomerLogin@7ad54c55] output={null}]]]>
              </value>
            </param>
          </params>
          <reporter-output>
          </reporter-output>
        </test-method> <!-- getResult -->
        <test-method signature="deposit()[pri:0, instance:TestCases.TC01_CustomerLogin@7ad54c55]" started-at="2023-10-21T20:52:25 EET" name="deposit" finished-at="2023-10-21T20:52:26 EET" duration-ms="1313" status="PASS">
          <reporter-output>
          </reporter-output>
        </test-method> <!-- deposit -->
        <test-method is-config="true" signature="getResult(org.testng.ITestResult)[pri:0, instance:TestCases.TC01_CustomerLogin@7ad54c55]" started-at="2023-10-21T20:52:26 EET" name="getResult" finished-at="2023-10-21T20:52:26 EET" duration-ms="1" status="PASS">
          <params>
            <param index="0">
              <value>
                <![CDATA[[TestResult name=deposit status=SUCCESS method=TC01_CustomerLogin.deposit()[pri:0, instance:TestCases.TC01_CustomerLogin@7ad54c55] output={null}]]]>
              </value>
            </param>
          </params>
          <reporter-output>
          </reporter-output>
        </test-method> <!-- getResult -->
        <test-method signature="Withdrawl()[pri:0, instance:TestCases.TC01_CustomerLogin@7ad54c55]" started-at="2023-10-21T20:52:26 EET" name="Withdrawl" finished-at="2023-10-21T20:52:28 EET" duration-ms="1333" status="PASS">
          <reporter-output>
          </reporter-output>
        </test-method> <!-- Withdrawl -->
        <test-method is-config="true" signature="getResult(org.testng.ITestResult)[pri:0, instance:TestCases.TC01_CustomerLogin@7ad54c55]" started-at="2023-10-21T20:52:28 EET" name="getResult" finished-at="2023-10-21T20:52:28 EET" duration-ms="1" status="PASS">
          <params>
            <param index="0">
              <value>
                <![CDATA[[TestResult name=Withdrawl status=SUCCESS method=TC01_CustomerLogin.Withdrawl()[pri:0, instance:TestCases.TC01_CustomerLogin@7ad54c55] output={null}]]]>
              </value>
            </param>
          </params>
          <reporter-output>
          </reporter-output>
        </test-method> <!-- getResult -->
        <test-method signature="TransActions()[pri:0, instance:TestCases.TC01_CustomerLogin@7ad54c55]" started-at="2023-10-21T20:52:28 EET" name="TransActions" finished-at="2023-10-21T20:52:35 EET" duration-ms="7536" status="PASS">
          <reporter-output>
          </reporter-output>
        </test-method> <!-- TransActions -->
        <test-method is-config="true" signature="getResult(org.testng.ITestResult)[pri:0, instance:TestCases.TC01_CustomerLogin@7ad54c55]" started-at="2023-10-21T20:52:35 EET" name="getResult" finished-at="2023-10-21T20:52:35 EET" duration-ms="1" status="PASS">
          <params>
            <param index="0">
              <value>
                <![CDATA[[TestResult name=TransActions status=SUCCESS method=TC01_CustomerLogin.TransActions()[pri:0, instance:TestCases.TC01_CustomerLogin@7ad54c55] output={null}]]]>
              </value>
            </param>
          </params>
          <reporter-output>
          </reporter-output>
        </test-method> <!-- getResult -->
        <test-method is-config="true" signature="quite()[pri:0, instance:TestCases.TC01_CustomerLogin@7ad54c55]" started-at="2023-10-21T20:52:35 EET" name="quite" finished-at="2023-10-21T20:52:41 EET" duration-ms="5435" status="PASS">
          <reporter-output>
          </reporter-output>
        </test-method> <!-- quite -->
        <test-method is-config="true" signature="teardown()[pri:0, instance:TestCases.TC01_CustomerLogin@7ad54c55]" started-at="2023-10-21T20:52:41 EET" name="teardown" finished-at="2023-10-21T20:52:42 EET" duration-ms="1135" status="PASS">
          <reporter-output>
          </reporter-output>
        </test-method> <!-- teardown -->
      </class> <!-- TestCases.TC01_CustomerLogin -->
    </test> <!-- Login with Customer -->
  </suite> <!-- XYZ_Bank_TestNG -->
</testng-results>
